2025-07-24 19:28:00,054 - INFO - 开始监控窗口: ['Edge']
2025-07-24 19:28:00,054 - INFO - 程序将在检测不到窗口10次后自动退出
2025-07-24 19:28:00,058 - INFO - 窗口 'Edge' 移动到屏幕: \\.\DISPLAY1
2025-07-24 19:28:00,237 - INFO - 已切换到 Speaker
2025-07-24 19:28:13,385 - INFO - 窗口 'Edge' 移动到屏幕: \\.\DISPLAY2
2025-07-24 19:28:13,550 - INFO - 已切换到 Sculptor
2025-07-24 19:28:17,590 - INFO - 窗口 'Edge' 移动到屏幕: \\.\DISPLAY1
2025-07-24 19:28:17,740 - INFO - 已切换到 Speaker
2025-07-24 19:29:35,570 - INFO - 窗口未找到! (1/10)
2025-07-24 19:29:36,577 - INFO - 窗口未找到! (2/10)
2025-07-24 19:29:37,584 - INFO - 窗口未找到! (3/10)
2025-07-24 19:29:38,593 - INFO - 窗口未找到! (4/10)
2025-07-24 19:29:39,608 - INFO - 窗口未找到! (5/10)
2025-07-24 19:29:40,628 - INFO - 窗口未找到! (6/10)
2025-07-24 19:29:41,633 - INFO - 窗口未找到! (7/10)
2025-07-24 19:29:42,641 - INFO - 窗口未找到! (8/10)
2025-07-24 19:29:43,654 - INFO - 窗口未找到! (9/10)
2025-07-24 19:29:44,666 - INFO - 窗口未找到! (10/10)
2025-07-24 19:29:44,666 - INFO - 窗口已关闭。程序退出...
2025-07-24 19:29:44,668 - INFO - 程序已退出
