2025-07-24 19:43:22,236 - INFO - 开始监控窗口: ['Edge']
2025-07-24 19:43:22,236 - INFO - 程序将在检测不到窗口10次后自动退出
2025-07-24 19:43:22,239 - INFO - 窗口未找到! (1/10)
2025-07-24 19:43:23,256 - INFO - 窗口未找到! (2/10)
2025-07-24 19:43:24,264 - INFO - 窗口未找到! (3/10)
2025-07-24 19:43:25,271 - INFO - 窗口 'Edge' 移动到屏幕: \\.\DISPLAY1
2025-07-24 19:43:25,428 - INFO - 已切换到 Speaker
2025-07-24 19:43:34,526 - INFO - 窗口 'Edge' 移动到屏幕: \\.\DISPLAY2
2025-07-24 19:43:34,716 - INFO - 已切换到 Sculptor
2025-07-24 19:43:37,752 - INFO - 窗口 'Edge' 移动到屏幕: \\.\DISPLAY1
2025-07-24 19:43:37,921 - INFO - 已切换到 Speaker
2025-07-24 19:43:55,097 - INFO - 窗口 'Edge' 移动到屏幕: \\.\DISPLAY2
2025-07-24 19:43:55,253 - INFO - 已切换到 Sculptor
2025-07-24 19:43:56,259 - INFO - 窗口 'Edge' 移动到屏幕: \\.\DISPLAY1
2025-07-24 19:43:56,409 - INFO - 已切换到 Speaker
2025-07-24 19:46:45,023 - INFO - 窗口未找到! (1/10)
2025-07-24 19:46:46,029 - INFO - 窗口未找到! (2/10)
2025-07-24 19:46:47,036 - INFO - 窗口未找到! (3/10)
2025-07-24 19:46:48,045 - INFO - 窗口未找到! (4/10)
2025-07-24 19:46:49,057 - INFO - 窗口未找到! (5/10)
2025-07-24 19:46:50,074 - INFO - 窗口未找到! (6/10)
2025-07-24 19:46:51,090 - INFO - 窗口未找到! (7/10)
2025-07-24 19:46:52,116 - INFO - 窗口未找到! (8/10)
2025-07-24 19:46:53,134 - INFO - 窗口未找到! (9/10)
2025-07-24 19:46:54,147 - INFO - 窗口未找到! (10/10)
2025-07-24 19:46:54,149 - INFO - 窗口已关闭。程序退出...
2025-07-24 19:46:54,151 - INFO - 程序已退出
2025-07-24 22:20:43,986 - INFO - 开始监控窗口: ['Edge']
2025-07-24 22:20:43,988 - INFO - 程序将在检测不到窗口10次后自动退出
2025-07-24 22:20:43,992 - INFO - 窗口 'Edge' 移动到屏幕: \\.\DISPLAY1
2025-07-24 22:20:44,153 - INFO - 已切换到 Speaker
2025-07-24 22:21:20,491 - INFO - 窗口 'Edge' 移动到屏幕: \\.\DISPLAY2
2025-07-24 22:21:20,685 - INFO - 已切换到 Sculptor
2025-07-24 22:21:26,741 - INFO - 窗口 'Edge' 移动到屏幕: \\.\DISPLAY1
2025-07-24 22:21:26,948 - INFO - 已切换到 Speaker
2025-07-24 22:21:46,102 - INFO - 窗口未找到! (1/10)
2025-07-24 22:21:47,108 - INFO - 窗口未找到! (2/10)
2025-07-24 22:21:48,114 - INFO - 窗口未找到! (3/10)
2025-07-24 22:21:49,122 - INFO - 窗口未找到! (4/10)
2025-07-24 22:21:50,131 - INFO - 窗口未找到! (5/10)
2025-07-24 22:21:51,142 - INFO - 窗口未找到! (6/10)
2025-07-24 22:21:52,148 - INFO - 窗口未找到! (7/10)
2025-07-24 22:21:53,158 - INFO - 窗口未找到! (8/10)
2025-07-24 22:21:54,165 - INFO - 窗口未找到! (9/10)
2025-07-24 22:21:55,172 - INFO - 窗口未找到! (10/10)
2025-07-24 22:21:55,172 - INFO - 窗口已关闭。程序退出...
2025-07-24 22:21:55,174 - INFO - 程序已退出
2025-08-03 11:56:23,837 - INFO - 开始监控窗口: ['Edge']
2025-08-03 11:56:23,838 - INFO - 程序将在检测不到窗口10次后自动退出
2025-08-03 11:56:23,842 - INFO - 窗口未找到! (1/10)
2025-08-03 11:56:24,847 - INFO - 窗口未找到! (2/10)
2025-08-03 11:56:25,859 - INFO - 窗口未找到! (3/10)
2025-08-03 11:56:26,872 - INFO - 窗口未找到! (4/10)
2025-08-03 11:56:27,884 - INFO - 窗口未找到! (5/10)
2025-08-03 11:56:28,901 - INFO - 窗口 'Edge' 移动到屏幕: \\.\DISPLAY1
2025-08-03 11:56:29,100 - INFO - 已切换到 Speaker
2025-08-03 11:56:36,176 - INFO - 窗口 'Edge' 移动到屏幕: \\.\DISPLAY2
2025-08-03 11:56:36,341 - INFO - 已切换到 Sculptor
2025-08-03 11:56:38,366 - INFO - 窗口 'Edge' 移动到屏幕: \\.\DISPLAY1
2025-08-03 11:56:38,546 - INFO - 已切换到 Speaker
2025-08-03 11:56:42,026 - INFO - 已切换到 Headphone
2025-08-03 11:56:42,026 - INFO - 检测到 Ctrl+空格，已切换到 Headphone
2025-08-03 11:56:58,798 - INFO - 窗口未找到! (1/10)
2025-08-03 11:56:59,804 - INFO - 窗口未找到! (2/10)
2025-08-03 11:57:00,822 - INFO - 窗口未找到! (3/10)
2025-08-03 11:57:01,828 - INFO - 窗口未找到! (4/10)
2025-08-03 11:57:02,829 - INFO - 窗口未找到! (5/10)
2025-08-03 11:57:03,840 - INFO - 窗口未找到! (6/10)
2025-08-03 11:57:04,854 - INFO - 窗口未找到! (7/10)
2025-08-03 11:57:05,865 - INFO - 窗口未找到! (8/10)
2025-08-03 11:57:06,881 - INFO - 窗口未找到! (9/10)
2025-08-03 11:57:07,888 - INFO - 窗口未找到! (10/10)
2025-08-03 11:57:07,889 - INFO - 窗口已关闭。程序退出...
2025-08-03 11:57:07,889 - INFO - 程序已退出
2025-08-03 11:58:40,553 - INFO - 开始监控窗口: ['Vue3从入门到精通超全版']
2025-08-03 11:58:40,554 - INFO - 程序将在检测不到窗口10次后自动退出
2025-08-03 11:58:40,559 - INFO - 窗口未找到! (1/10)
2025-08-03 11:58:41,571 - INFO - 窗口未找到! (2/10)
2025-08-03 11:58:42,587 - INFO - 窗口未找到! (3/10)
2025-08-03 11:58:43,598 - INFO - 窗口未找到! (4/10)
2025-08-03 11:58:44,611 - INFO - 窗口 'Vue3从入门到精通超全版' 移动到屏幕: \\.\DISPLAY1
2025-08-03 11:58:44,753 - INFO - 已切换到 Speaker
2025-08-03 11:58:47,711 - INFO - 已切换到 Headphone
2025-08-03 11:58:47,711 - INFO - 检测到 Ctrl+空格，已切换到 Headphone
2025-08-03 11:58:48,859 - INFO - 已切换到 Headphone
2025-08-03 11:58:48,859 - INFO - 检测到 Ctrl+空格，已切换到 Headphone
2025-08-03 11:58:51,302 - INFO - 已切换到 Headphone
2025-08-03 11:58:51,302 - INFO - 检测到 Ctrl+空格，已切换到 Headphone
2025-08-03 11:58:56,873 - INFO - 窗口 'Vue3从入门到精通超全版' 移动到屏幕: \\.\DISPLAY2
2025-08-03 11:58:57,037 - INFO - 已切换到 Sculptor
2025-08-03 11:59:04,119 - INFO - 窗口 'Vue3从入门到精通超全版' 移动到屏幕: \\.\DISPLAY1
2025-08-03 11:59:04,259 - INFO - 已切换到 Speaker
2025-08-03 11:59:16,480 - INFO - 已切换到 Headphone
2025-08-03 11:59:16,480 - INFO - 检测到 Ctrl+空格，已切换到 Headphone
2025-08-03 11:59:22,489 - INFO - 已切换到 Headphone
2025-08-03 11:59:22,489 - INFO - 检测到 Ctrl+空格，已切换到 Headphone
2025-08-03 11:59:30,531 - INFO - 窗口未找到! (1/10)
2025-08-03 11:59:31,537 - INFO - 窗口未找到! (2/10)
2025-08-03 11:59:32,549 - INFO - 窗口未找到! (3/10)
2025-08-03 11:59:33,557 - INFO - 窗口未找到! (4/10)
2025-08-03 11:59:34,567 - INFO - 窗口未找到! (5/10)
2025-08-03 11:59:35,576 - INFO - 窗口未找到! (6/10)
2025-08-03 11:59:36,581 - INFO - 窗口未找到! (7/10)
2025-08-03 11:59:37,593 - INFO - 窗口未找到! (8/10)
2025-08-03 11:59:38,600 - INFO - 窗口未找到! (9/10)
2025-08-03 11:59:39,613 - INFO - 窗口未找到! (10/10)
2025-08-03 11:59:39,614 - INFO - 窗口已关闭。程序退出...
2025-08-03 11:59:39,614 - INFO - 程序已退出
2025-08-03 12:00:22,644 - INFO - 开始监控窗口: ['Vue3从入门到精通超全版']
2025-08-03 12:00:22,645 - INFO - 程序将在检测不到窗口10次后自动退出
2025-08-03 12:00:22,651 - INFO - 窗口未找到! (1/10)
2025-08-03 12:00:23,668 - INFO - 窗口未找到! (2/10)
2025-08-03 12:00:24,675 - INFO - 窗口未找到! (3/10)
2025-08-03 12:00:25,676 - INFO - 窗口 'Vue3从入门到精通超全版' 移动到屏幕: \\.\DISPLAY1
2025-08-03 12:00:25,842 - INFO - 已切换到 Speaker
2025-08-03 12:00:35,944 - INFO - 窗口 'Vue3从入门到精通超全版' 移动到屏幕: \\.\DISPLAY2
2025-08-03 12:00:36,094 - INFO - 已切换到 Sculptor
2025-08-03 12:00:39,118 - INFO - 窗口 'Vue3从入门到精通超全版' 移动到屏幕: \\.\DISPLAY1
2025-08-03 12:00:39,258 - INFO - 已切换到 Speaker
2025-08-03 12:00:43,915 - INFO - 已切换到 Headphone
2025-08-03 12:00:43,915 - INFO - 检测到 Ctrl+空格，已切换到 Headphone（手动模式）
2025-08-03 12:00:48,943 - INFO - 检测到 Ctrl+空格，恢复自动切换（自动模式）
2025-08-03 12:00:57,449 - INFO - 窗口 'Vue3从入门到精通超全版' 移动到屏幕: \\.\DISPLAY2
2025-08-03 12:00:57,632 - INFO - 已切换到 Sculptor
2025-08-03 12:00:59,642 - INFO - 窗口 'Vue3从入门到精通超全版' 移动到屏幕: \\.\DISPLAY1
2025-08-03 12:00:59,780 - INFO - 已切换到 Speaker
2025-08-03 12:01:08,875 - INFO - 窗口未找到! (1/10)
2025-08-03 12:01:09,881 - INFO - 窗口未找到! (2/10)
2025-08-03 12:01:10,885 - INFO - 窗口未找到! (3/10)
2025-08-03 12:01:11,893 - INFO - 窗口未找到! (4/10)
2025-08-03 12:01:12,899 - INFO - 窗口未找到! (5/10)
2025-08-03 12:01:13,909 - INFO - 窗口未找到! (6/10)
2025-08-03 12:01:14,919 - INFO - 窗口未找到! (7/10)
2025-08-03 12:01:15,925 - INFO - 窗口未找到! (8/10)
2025-08-03 12:01:16,929 - INFO - 窗口未找到! (9/10)
2025-08-03 12:01:17,941 - INFO - 窗口未找到! (10/10)
2025-08-03 12:01:17,942 - INFO - 窗口已关闭。程序退出...
2025-08-03 12:01:17,942 - INFO - 程序已退出
2025-08-03 12:04:15,730 - INFO - 开始监控窗口: ['Vue3从入门到精通超全版']
2025-08-03 12:04:15,730 - INFO - 程序将在检测不到窗口10次后自动退出
2025-08-03 12:04:15,734 - INFO - 窗口未找到! (1/10)
2025-08-03 12:04:16,742 - INFO - 窗口未找到! (2/10)
2025-08-03 12:04:17,760 - INFO - 窗口未找到! (3/10)
2025-08-03 12:04:18,768 - INFO - 窗口未找到! (4/10)
2025-08-03 12:04:19,783 - INFO - 窗口 'Vue3从入门到精通超全版' 移动到屏幕: \\.\DISPLAY1
2025-08-03 12:04:19,915 - INFO - 已切换到 Speaker
2025-08-03 12:04:20,922 - INFO - 窗口 'Vue3从入门到精通超全版' 移动到屏幕: \\.\DISPLAY1
2025-08-03 12:04:21,128 - INFO - 已切换到 Speaker
2025-08-03 12:04:22,134 - INFO - 窗口 'Vue3从入门到精通超全版' 移动到屏幕: \\.\DISPLAY1
2025-08-03 12:04:22,306 - INFO - 已切换到 Speaker
2025-08-03 12:04:23,312 - INFO - 窗口 'Vue3从入门到精通超全版' 移动到屏幕: \\.\DISPLAY1
2025-08-03 12:04:23,553 - INFO - 已切换到 Speaker
2025-08-03 12:04:24,569 - INFO - 窗口 'Vue3从入门到精通超全版' 移动到屏幕: \\.\DISPLAY1
2025-08-03 12:04:24,754 - INFO - 已切换到 Speaker
2025-08-03 12:04:25,769 - INFO - 窗口 'Vue3从入门到精通超全版' 移动到屏幕: \\.\DISPLAY1
2025-08-03 12:04:25,945 - INFO - 已切换到 Speaker
2025-08-03 12:04:26,954 - INFO - 窗口 'Vue3从入门到精通超全版' 移动到屏幕: \\.\DISPLAY1
2025-08-03 12:04:27,151 - INFO - 已切换到 Speaker
2025-08-03 12:04:28,155 - INFO - 窗口 'Vue3从入门到精通超全版' 移动到屏幕: \\.\DISPLAY1
2025-08-03 12:04:28,356 - INFO - 已切换到 Speaker
2025-08-03 12:04:29,371 - INFO - 窗口 'Vue3从入门到精通超全版' 移动到屏幕: \\.\DISPLAY1
2025-08-03 12:04:29,657 - INFO - 已切换到 Speaker
2025-08-03 12:04:30,662 - INFO - 窗口 'Vue3从入门到精通超全版' 移动到屏幕: \\.\DISPLAY1
2025-08-03 12:04:30,894 - INFO - 已切换到 Speaker
2025-08-03 12:04:31,914 - INFO - 窗口 'Vue3从入门到精通超全版' 移动到屏幕: \\.\DISPLAY1
2025-08-03 12:04:32,155 - INFO - 已切换到 Speaker
2025-08-03 12:04:33,171 - INFO - 窗口 'Vue3从入门到精通超全版' 移动到屏幕: \\.\DISPLAY2
2025-08-03 12:04:33,340 - INFO - 已切换到 Sculptor
2025-08-03 12:04:34,346 - INFO - 窗口 'Vue3从入门到精通超全版' 移动到屏幕: \\.\DISPLAY2
2025-08-03 12:04:34,492 - INFO - 已切换到 Sculptor
2025-08-03 12:04:35,506 - INFO - 窗口 'Vue3从入门到精通超全版' 移动到屏幕: \\.\DISPLAY2
2025-08-03 12:04:35,675 - INFO - 已切换到 Sculptor
2025-08-03 12:04:36,691 - INFO - 窗口 'Vue3从入门到精通超全版' 移动到屏幕: \\.\DISPLAY2
2025-08-03 12:04:36,854 - INFO - 已切换到 Sculptor
2025-08-03 12:04:37,864 - INFO - 窗口 'Vue3从入门到精通超全版' 移动到屏幕: \\.\DISPLAY1
2025-08-03 12:04:38,030 - INFO - 已切换到 Speaker
2025-08-03 12:04:39,046 - INFO - 窗口 'Vue3从入门到精通超全版' 移动到屏幕: \\.\DISPLAY1
2025-08-03 12:04:39,198 - INFO - 已切换到 Speaker
2025-08-03 12:04:40,208 - INFO - 窗口 'Vue3从入门到精通超全版' 移动到屏幕: \\.\DISPLAY1
2025-08-03 12:04:40,454 - INFO - 已切换到 Speaker
2025-08-03 12:04:41,465 - INFO - 窗口 'Vue3从入门到精通超全版' 移动到屏幕: \\.\DISPLAY1
2025-08-03 12:04:41,684 - INFO - 已切换到 Speaker
2025-08-03 12:04:42,692 - INFO - 已切换到 Headphone
2025-08-03 12:04:42,693 - INFO - 检测到 Ctrl+空格，已切换到 Headphone（手动模式）
2025-08-03 12:04:47,380 - INFO - 检测到 Ctrl+空格，恢复自动切换（自动模式）
2025-08-03 12:04:47,738 - INFO - 窗口 'Vue3从入门到精通超全版' 移动到屏幕: \\.\DISPLAY1
2025-08-03 12:04:47,874 - INFO - 已切换到 Speaker
2025-08-03 12:04:48,891 - INFO - 窗口 'Vue3从入门到精通超全版' 移动到屏幕: \\.\DISPLAY1
2025-08-03 12:04:49,063 - INFO - 已切换到 Speaker
2025-08-03 12:04:50,074 - INFO - 窗口 'Vue3从入门到精通超全版' 移动到屏幕: \\.\DISPLAY1
2025-08-03 12:04:50,272 - INFO - 已切换到 Speaker
2025-08-03 12:04:51,287 - INFO - 窗口 'Vue3从入门到精通超全版' 移动到屏幕: \\.\DISPLAY1
2025-08-03 12:04:51,512 - INFO - 已切换到 Speaker
2025-08-03 12:04:52,514 - INFO - 窗口 'Vue3从入门到精通超全版' 移动到屏幕: \\.\DISPLAY1
2025-08-03 12:04:52,769 - INFO - 已切换到 Speaker
2025-08-03 12:04:53,777 - INFO - 窗口 'Vue3从入门到精通超全版' 移动到屏幕: \\.\DISPLAY1
2025-08-03 12:04:53,958 - INFO - 已切换到 Speaker
2025-08-03 12:04:54,975 - INFO - 窗口未找到! (1/10)
2025-08-03 12:04:55,981 - INFO - 窗口未找到! (2/10)
2025-08-03 12:04:56,993 - INFO - 窗口未找到! (3/10)
2025-08-03 12:04:58,009 - INFO - 窗口未找到! (4/10)
2025-08-03 12:04:59,016 - INFO - 窗口未找到! (5/10)
2025-08-03 12:05:00,025 - INFO - 窗口未找到! (6/10)
2025-08-03 12:05:01,037 - INFO - 窗口未找到! (7/10)
2025-08-03 12:05:02,047 - INFO - 窗口未找到! (8/10)
2025-08-03 12:05:03,057 - INFO - 窗口未找到! (9/10)
2025-08-03 12:05:04,061 - INFO - 窗口未找到! (10/10)
2025-08-03 12:05:04,062 - INFO - 窗口已关闭。程序退出...
2025-08-03 12:05:04,062 - INFO - 程序已退出
2025-08-03 12:06:46,599 - INFO - 开始监控窗口: ['Vue3从入门到精通超全版']
2025-08-03 12:06:46,600 - INFO - 程序将在检测不到窗口10次后自动退出
2025-08-03 12:06:46,608 - INFO - 窗口未找到! (1/10)
2025-08-03 12:06:47,619 - INFO - 窗口未找到! (2/10)
2025-08-03 12:06:48,633 - INFO - 窗口 'Vue3从入门到精通超全版' 移动到屏幕: \\.\DISPLAY1
2025-08-03 12:06:48,795 - INFO - 已切换到 Speaker
2025-08-03 12:06:57,080 - INFO - 已切换到 Headphone
2025-08-03 12:06:57,080 - INFO - 检测到 Ctrl+空格，已切换到 Headphone（手动模式）
2025-08-03 12:07:04,045 - INFO - 检测到 Ctrl+空格，恢复自动切换（自动模式）
2025-08-03 12:07:20,079 - INFO - 窗口未找到! (1/10)
2025-08-03 12:07:21,089 - INFO - 窗口未找到! (2/10)
2025-08-03 12:07:22,097 - INFO - 窗口未找到! (3/10)
2025-08-03 12:07:23,102 - INFO - 窗口未找到! (4/10)
2025-08-03 12:07:24,110 - INFO - 窗口未找到! (5/10)
2025-08-03 12:07:25,116 - INFO - 窗口未找到! (6/10)
2025-08-03 12:07:26,131 - INFO - 窗口未找到! (7/10)
2025-08-03 12:07:27,133 - INFO - 窗口未找到! (8/10)
2025-08-03 12:07:28,145 - INFO - 窗口未找到! (9/10)
2025-08-03 12:07:29,151 - INFO - 窗口未找到! (10/10)
2025-08-03 12:07:29,151 - INFO - 窗口已关闭。程序退出...
2025-08-03 12:07:29,151 - INFO - 程序已退出
2025-08-03 12:09:30,193 - INFO - 开始监控窗口: ['Vue3从入门到精通超全版']
2025-08-03 12:09:30,193 - INFO - 程序将在检测不到窗口10次后自动退出
2025-08-03 12:09:30,201 - INFO - 窗口未找到! (1/10)
2025-08-03 12:09:31,211 - INFO - 窗口 'Vue3从入门到精通超全版' 移动到屏幕: \\.\DISPLAY1
2025-08-03 12:09:31,347 - INFO - 已切换到 Speaker
2025-08-03 12:09:33,585 - INFO - 已切换到 Headphone
2025-08-03 12:09:33,586 - INFO - 检测到 Ctrl+空格，已切换到 Headphone（手动模式）
2025-08-03 12:09:38,931 - INFO - 检测到 Ctrl+空格，恢复自动切换（自动模式）
2025-08-03 12:09:43,461 - INFO - 窗口 'Vue3从入门到精通超全版' 移动到屏幕: \\.\DISPLAY2
2025-08-03 12:09:43,626 - INFO - 已切换到 Sculptor
2025-08-03 12:09:45,640 - INFO - 窗口 'Vue3从入门到精通超全版' 移动到屏幕: \\.\DISPLAY1
2025-08-03 12:09:45,783 - INFO - 已切换到 Speaker
2025-08-03 12:09:51,846 - INFO - 窗口未找到! (1/10)
2025-08-03 12:09:52,854 - INFO - 窗口未找到! (2/10)
2025-08-03 12:09:53,867 - INFO - 窗口未找到! (3/10)
2025-08-03 12:09:54,879 - INFO - 窗口未找到! (4/10)
2025-08-03 12:10:01,967 - INFO - 窗口 'Vue3从入门到精通超全版' 移动到屏幕: \\.\DISPLAY2
2025-08-03 12:10:02,107 - INFO - 已切换到 Sculptor
2025-08-03 12:10:03,119 - INFO - 窗口 'Vue3从入门到精通超全版' 移动到屏幕: \\.\DISPLAY1
2025-08-03 12:10:03,284 - INFO - 已切换到 Speaker
2025-08-03 12:11:06,097 - INFO - 用户中断，程序退出
2025-08-03 12:11:06,098 - INFO - 程序已退出
2025-08-03 12:11:06,575 - INFO - 开始监控窗口: ['Vue3从入门到精通超全版']
2025-08-03 12:11:06,576 - INFO - 程序将在检测不到窗口10次后自动退出
2025-08-03 12:11:06,580 - INFO - 窗口 'Vue3从入门到精通超全版' 移动到屏幕: \\.\DISPLAY1
2025-08-03 12:11:06,739 - INFO - 已切换到 Speaker
2025-08-03 12:11:09,114 - INFO - 已切换到 Headphone
2025-08-03 12:11:09,115 - INFO - 检测到 Ctrl+空格，已切换到 Headphone（手动模式）
2025-08-03 12:11:11,507 - INFO - 检测到 Ctrl+空格，恢复自动切换（自动模式）
2025-08-03 12:11:55,589 - INFO - 已切换到 Headphone
2025-08-03 12:11:55,589 - INFO - 检测到 Ctrl+空格，已切换到 Headphone（手动模式）
2025-08-03 12:11:59,196 - INFO - 检测到 Ctrl+空格，恢复自动切换（自动模式）
2025-08-03 12:12:04,471 - INFO - 用户中断，程序退出
2025-08-03 12:12:04,471 - INFO - 程序已退出
2025-08-03 12:12:06,631 - INFO - 开始监控窗口: ['Vue3从入门到精通超全版']
2025-08-03 12:12:06,631 - INFO - 程序将在检测不到窗口10次后自动退出
2025-08-03 12:12:06,638 - INFO - 窗口 'Vue3从入门到精通超全版' 移动到屏幕: \\.\DISPLAY1
2025-08-03 12:12:06,773 - INFO - 已切换到 Speaker
2025-08-03 12:12:08,002 - INFO - 已切换到 Headphone
2025-08-03 12:12:08,003 - INFO - 已切换到 Headphone（手动模式）
2025-08-03 12:12:10,846 - INFO - 恢复自动切换（自动模式）
2025-08-03 12:12:46,101 - INFO - 用户中断，程序退出
2025-08-03 12:12:46,101 - INFO - 程序已退出
2025-08-03 12:12:48,199 - INFO - 开始监控窗口: ['Vue3从入门到精通超全版']
2025-08-03 12:12:48,200 - INFO - 程序将在检测不到窗口10次后自动退出
2025-08-03 12:12:48,206 - INFO - 窗口 'Vue3从入门到精通超全版' 移动到屏幕: \\.\DISPLAY1
2025-08-03 12:12:48,349 - INFO - 已切换到 Speaker
2025-08-03 12:12:49,498 - INFO - 已切换到 Headphone（手动模式）
2025-08-03 12:12:49,644 - INFO - 已切换到 Headphone
2025-08-03 12:12:52,254 - INFO - 恢复自动切换（自动模式）
2025-08-03 12:13:39,144 - INFO - 用户中断，程序退出
2025-08-03 12:13:39,144 - INFO - 程序已退出
2025-08-03 12:13:43,239 - INFO - 开始监控窗口: ['Vue3从入门到精通超全版']
2025-08-03 12:13:43,240 - INFO - 程序将在检测不到窗口10次后自动退出
2025-08-03 12:13:43,246 - INFO - 窗口 'Vue3从入门到精通超全版' 移动到屏幕: \\.\DISPLAY1
2025-08-03 12:13:43,424 - INFO - 已切换到 Speaker
2025-08-03 12:13:44,253 - INFO - 已切换到耳机模式
2025-08-03 12:13:44,456 - INFO - 已切换到 Headphone
2025-08-03 12:13:46,092 - INFO - 已切换到自动模式）
2025-08-03 12:13:53,103 - INFO - 用户中断，程序退出
2025-08-03 12:13:53,104 - INFO - 程序已退出
2025-08-03 12:16:34,678 - INFO - 开始监控窗口: ['Vue3从入门到精通超全版']
2025-08-03 12:16:34,679 - INFO - 程序将在检测不到窗口10次后自动退出
2025-08-03 12:16:34,685 - INFO - 窗口 'Vue3从入门到精通超全版' 移动到屏幕: \\.\DISPLAY1
2025-08-03 12:16:34,817 - INFO - 已切换到 Speaker
2025-08-03 12:16:36,463 - INFO - 已切换到 Headphone
2025-08-03 12:16:36,463 - INFO - 检测到 Ctrl+空格，已切换到 Headphone（手动模式）
2025-08-03 12:16:38,979 - INFO - 检测到 Ctrl+空格，恢复自动切换（自动模式）
2025-08-03 12:16:39,112 - INFO - 已切换到 Speaker
2025-08-03 12:16:39,112 - INFO - 自动切换到 Speaker（自动模式恢复时）
2025-08-03 12:18:02,172 - INFO - 用户中断，程序退出
2025-08-03 12:18:02,172 - INFO - 程序已退出
2025-08-03 12:18:04,160 - INFO - 开始监控窗口: ['Vue3从入门到精通超全版']
2025-08-03 12:18:04,160 - INFO - 程序将在检测不到窗口10次后自动退出
2025-08-03 12:18:04,167 - INFO - 窗口 'Vue3从入门到精通超全版' 移动到屏幕: \\.\DISPLAY1
2025-08-03 12:18:04,318 - INFO - 已切换到 Speaker
2025-08-03 12:18:06,500 - INFO - 已切换到耳机模式
2025-08-03 12:18:06,661 - INFO - 已切换到 Headphone
2025-08-03 12:18:09,716 - INFO - 已恢复到自动模式
2025-08-03 12:18:09,856 - INFO - 已切换到 Speaker
2025-08-03 12:18:09,856 - INFO - 已切换到 Speaker
2025-08-03 12:18:33,558 - INFO - 用户中断，程序退出
2025-08-03 12:18:33,559 - INFO - 程序已退出
2025-08-03 12:18:35,914 - INFO - 开始监控窗口: ['Vue3从入门到精通超全版']
2025-08-03 12:18:35,914 - INFO - 程序将在检测不到窗口10次后自动退出
2025-08-03 12:18:35,921 - INFO - 窗口 'Vue3从入门到精通超全版' 移动到屏幕: \\.\DISPLAY1
2025-08-03 12:18:36,079 - INFO - 已切换到 Speaker
2025-08-03 12:18:37,357 - INFO - 已切换到耳机模式
2025-08-03 12:18:37,491 - INFO - 已切换到 Headphone
2025-08-03 12:18:39,245 - INFO - 已恢复到自动模式
2025-08-03 12:18:39,379 - INFO - 已切换到 Speaker
2025-08-03 12:18:58,410 - INFO - 已切换到耳机模式
2025-08-03 12:18:58,585 - INFO - 已切换到 Headphone
